<?xml version="1.0" encoding="UTF-8"?>
<!-- Generated by org.testng.reporters.JUnitXMLReporter -->
<testsuite hostname="Anups-MacBook-Pro.local" ignored="0" name="demo" tests="6" failures="0" timestamp="27 Jun 2020 06:11:00 GMT" time="28.397" errors="0">
  <testcase name="testSignupflow" time="1.331" classname="com.testcases.SignUpPageTests"/>
  <testcase name="testLoginPage" time="2.908" classname="com.testcases.LoginPageTests"/>
  <testcase name="testCrousalBanner" time="0.141" classname="com.testcases.BannerPageTests"/>
  <testcase name="testContactaUspage" time="1.362" classname="com.testcases.ContactUsPageTests"/>
  <testcase name="testselectCategory" time="0.151" classname="com.testcases.CategarySelectionPageTests"/>
  <testcase name="testListedProduct" time="0.066" classname="com.testcases.ProductSelectionTests"/>
</testsuite> <!-- demo -->
