<?xml version="1.0" encoding="UTF-8"?>
<testng-results skipped="0" failed="0" ignored="0" total="2" passed="2">
  <reporter-output>
  </reporter-output>
  <suite name="FrameworkDemo" duration-ms="11622" started-at="2020-06-20T04:47:53Z" finished-at="2020-06-20T04:48:05Z">
    <groups>
    </groups>
    <test name="demo" duration-ms="11622" started-at="2020-06-20T04:47:53Z" finished-at="2020-06-20T04:48:05Z">
      <class name="com.testcases.SignUpPageTests">
        <test-method status="PASS" signature="initializeBrowsers()[pri:0, instance:com.testcases.SignUpPageTests@51565ec2]" name="initializeBrowsers" is-config="true" duration-ms="6529" started-at="2020-06-20T04:47:53Z" finished-at="2020-06-20T04:48:00Z">
          <reporter-output>
          </reporter-output>
        </test-method> <!-- initializeBrowsers -->
        <test-method status="PASS" signature="testSignupflow()[pri:0, instance:com.testcases.SignUpPageTests@51565ec2]" name="testSignupflow" duration-ms="1303" started-at="2020-06-20T04:48:00Z" finished-at="2020-06-20T04:48:01Z">
          <reporter-output>
          </reporter-output>
        </test-method> <!-- testSignupflow -->
        <test-method status="PASS" signature="tearDown()[pri:0, instance:com.testcases.SignUpPageTests@51565ec2]" name="tearDown" is-config="true" duration-ms="99" started-at="2020-06-20T04:48:01Z" finished-at="2020-06-20T04:48:01Z">
          <reporter-output>
          </reporter-output>
        </test-method> <!-- tearDown -->
      </class> <!-- com.testcases.SignUpPageTests -->
      <class name="com.testcases.LoginPageTests">
        <test-method status="PASS" signature="initializeBrowsers()[pri:0, instance:com.testcases.LoginPageTests@482f8f11]" name="initializeBrowsers" is-config="true" duration-ms="2275" started-at="2020-06-20T04:48:01Z" finished-at="2020-06-20T04:48:03Z">
          <reporter-output>
          </reporter-output>
        </test-method> <!-- initializeBrowsers -->
        <test-method status="PASS" signature="testLoginPage()[pri:0, instance:com.testcases.LoginPageTests@482f8f11]" name="testLoginPage" duration-ms="1223" started-at="2020-06-20T04:48:03Z" finished-at="2020-06-20T04:48:05Z">
          <reporter-output>
          </reporter-output>
        </test-method> <!-- testLoginPage -->
        <test-method status="PASS" signature="tearDown()[pri:0, instance:com.testcases.LoginPageTests@482f8f11]" name="tearDown" is-config="true" duration-ms="170" started-at="2020-06-20T04:48:05Z" finished-at="2020-06-20T04:48:05Z">
          <reporter-output>
          </reporter-output>
        </test-method> <!-- tearDown -->
      </class> <!-- com.testcases.LoginPageTests -->
    </test> <!-- demo -->
  </suite> <!-- FrameworkDemo -->
</testng-results>
