<?xml version="1.0" encoding="UTF-8"?>
<testng-results skipped="0" failed="0" ignored="0" total="1" passed="1">
  <reporter-output>
  </reporter-output>
  <suite name="FrameworkDemo" duration-ms="5134" started-at="2020-06-28T06:34:35Z" finished-at="2020-06-28T06:34:40Z">
    <groups>
    </groups>
    <test name="demo" duration-ms="5134" started-at="2020-06-28T06:34:35Z" finished-at="2020-06-28T06:34:40Z">
      <class name="com.testcases.ProductSelectionTests">
        <test-method status="PASS" signature="initializeBrowsers(java.lang.String)[pri:0, instance:com.testcases.ProductSelectionTests@1b604f19]" name="initializeBrowsers" is-config="true" duration-ms="5000" started-at="2020-06-28T06:34:35Z" finished-at="2020-06-28T06:34:40Z">
          <params>
            <param index="0">
              <value>
                <![CDATA[chrome]]>
              </value>
            </param>
          </params>
          <reporter-output>
          </reporter-output>
        </test-method> <!-- initializeBrowsers -->
        <test-method status="PASS" signature="testListedProduct()[pri:0, instance:com.testcases.ProductSelectionTests@1b604f19]" name="testListedProduct" duration-ms="43" started-at="2020-06-28T06:34:40Z" finished-at="2020-06-28T06:34:40Z">
          <reporter-output>
          </reporter-output>
        </test-method> <!-- testListedProduct -->
        <test-method status="PASS" signature="tearDown()[pri:0, instance:com.testcases.ProductSelectionTests@1b604f19]" name="tearDown" is-config="true" duration-ms="81" started-at="2020-06-28T06:34:40Z" finished-at="2020-06-28T06:34:40Z">
          <reporter-output>
          </reporter-output>
        </test-method> <!-- tearDown -->
      </class> <!-- com.testcases.ProductSelectionTests -->
    </test> <!-- demo -->
  </suite> <!-- FrameworkDemo -->
</testng-results>
